<?xml version="1.0" encoding="UTF-8"?>
<testsuite name="com.kodilla.logic.BoardTestSuite" tests="1" skipped="0" failures="0" errors="0" timestamp="2019-12-17T20:24:51" hostname="DESKTOP-0LFKVD0" time="0.015">
  <properties/>
  <testcase name="logicTest" classname="com.kodilla.logic.BoardTestSuite" time="0.015"/>
  <system-out><![CDATA[Color BLACK starts the game
Simple move is true
Now it's color BLACK turn
13
]]></system-out>
  <system-err><![CDATA[]]></system-err>
</testsuite>
