<?xml version="1.0" encoding="UTF-8"?>
<testsuite name="com.kodilla.logic.BoardTestSuite" tests="1" skipped="0" failures="0" errors="0" timestamp="2019-12-18T17:33:16" hostname="DESKTOP-0LFKVD0" time="0.026">
  <properties/>
  <testcase name="logicTest" classname="com.kodilla.logic.BoardTestSuite" time="0.026"/>
  <system-out><![CDATA[Color WHITE starts the game
Hit move is true
hit move added
Hit move is true
hit move added
Hit move is true
hit move added
Hit move is true
hit move added
4
]]></system-out>
  <system-err><![CDATA[]]></system-err>
</testsuite>
