<?xml version="1.0" encoding="UTF-8"?>
<testsuite name="com.kodilla.logic.BoardTestSuite" tests="1" skipped="0" failures="0" errors="0" timestamp="2019-12-31T05:34:17" hostname="DESKTOP-0LFKVD0" time="0.063">
  <properties/>
  <testcase name="logicTest" classname="com.kodilla.logic.BoardTestSuite" time="0.063"/>
  <system-out><![CDATA[ColorBLACK starts the game
BLACK has made a move
35
BLACK has made a move
40
BLACK has made a move
40
BLACK has made a move
40
BLACK has made a move
40
BLACK has made a move
40
BLACK has made a move
45
BLACK has made a move
Move from col: 6, and row: 2 to col: 7, and row:3
]]></system-out>
  <system-err><![CDATA[]]></system-err>
</testsuite>
