<?xml version="1.0" encoding="UTF-8"?>
<testsuite name="com.kodilla.logic.BoardTestSuite" tests="1" skipped="0" failures="0" errors="0" timestamp="2019-12-27T16:48:04" hostname="DESKTOP-0LFKVD0" time="0.058">
  <properties/>
  <testcase name="logicTest" classname="com.kodilla.logic.BoardTestSuite" time="0.058"/>
  <system-out><![CDATA[Color BLACK starts the game
FOUND A BLACK PAWN at column: 0 and at row 6
FOUND A BLACK PAWN at column: 1 and at row 5
FOUND A BLACK PAWN at column: 1 and at row 7
FOUND A BLACK PAWN at column: 2 and at row 6
FOUND A BLACK PAWN at column: 3 and at row 5
FOUND A BLACK PAWN at column: 3 and at row 7
FOUND A BLACK PAWN at column: 4 and at row 6
FOUND A BLACK PAWN at column: 5 and at row 5
FOUND A BLACK PAWN at column: 5 and at row 7
FOUND A BLACK PAWN at column: 6 and at row 6
FOUND A BLACK PAWN at column: 7 and at row 5
FOUND A BLACK PAWN at column: 7 and at row 7
24
FOUND A BLACK PAWN at column: 0 and at row 6
FOUND A BLACK PAWN at column: 1 and at row 5
FOUND A BLACK PAWN at column: 1 and at row 7
FOUND A BLACK PAWN at column: 2 and at row 6
FOUND A BLACK PAWN at column: 3 and at row 5
FOUND A BLACK PAWN at column: 3 and at row 7
FOUND A BLACK PAWN at column: 4 and at row 6
FOUND A BLACK PAWN at column: 5 and at row 5
FOUND A BLACK PAWN at column: 5 and at row 7
FOUND A BLACK PAWN at column: 6 and at row 6
FOUND A BLACK PAWN at column: 7 and at row 5
FOUND A BLACK PAWN at column: 7 and at row 7
24
FOUND A BLACK PAWN at column: 0 and at row 6
FOUND A BLACK PAWN at column: 1 and at row 5
FOUND A BLACK PAWN at column: 1 and at row 7
FOUND A BLACK PAWN at column: 2 and at row 6
FOUND A BLACK PAWN at column: 3 and at row 5
FOUND A BLACK PAWN at column: 3 and at row 7
FOUND A BLACK PAWN at column: 4 and at row 6
FOUND A BLACK PAWN at column: 5 and at row 5
FOUND A BLACK PAWN at column: 5 and at row 7
FOUND A BLACK PAWN at column: 6 and at row 6
FOUND A BLACK PAWN at column: 7 and at row 5
FOUND A BLACK PAWN at column: 7 and at row 7
24
FOUND A BLACK PAWN at column: 0 and at row 6
FOUND A BLACK PAWN at column: 1 and at row 5
FOUND A BLACK PAWN at column: 1 and at row 7
FOUND A BLACK PAWN at column: 2 and at row 6
FOUND A BLACK PAWN at column: 3 and at row 5
FOUND A BLACK PAWN at column: 3 and at row 7
FOUND A BLACK PAWN at column: 4 and at row 6
FOUND A BLACK PAWN at column: 5 and at row 5
FOUND A BLACK PAWN at column: 5 and at row 7
FOUND A BLACK PAWN at column: 6 and at row 6
FOUND A BLACK PAWN at column: 7 and at row 5
FOUND A BLACK PAWN at column: 7 and at row 7
24
FOUND A BLACK PAWN at column: 0 and at row 6
FOUND A BLACK PAWN at column: 1 and at row 5
FOUND A BLACK PAWN at column: 1 and at row 7
FOUND A BLACK PAWN at column: 2 and at row 6
FOUND A BLACK PAWN at column: 3 and at row 5
FOUND A BLACK PAWN at column: 3 and at row 7
FOUND A BLACK PAWN at column: 4 and at row 6
FOUND A BLACK PAWN at column: 5 and at row 5
FOUND A BLACK PAWN at column: 5 and at row 7
FOUND A BLACK PAWN at column: 6 and at row 6
FOUND A BLACK PAWN at column: 7 and at row 5
FOUND A BLACK PAWN at column: 7 and at row 7
24
FOUND A BLACK PAWN at column: 0 and at row 6
FOUND A BLACK PAWN at column: 1 and at row 5
FOUND A BLACK PAWN at column: 1 and at row 7
FOUND A BLACK PAWN at column: 2 and at row 6
FOUND A BLACK PAWN at column: 3 and at row 5
FOUND A BLACK PAWN at column: 3 and at row 7
FOUND A BLACK PAWN at column: 4 and at row 6
FOUND A BLACK PAWN at column: 5 and at row 5
FOUND A BLACK PAWN at column: 5 and at row 7
FOUND A BLACK PAWN at column: 6 and at row 6
FOUND A BLACK PAWN at column: 7 and at row 5
FOUND A BLACK PAWN at column: 7 and at row 7
24
FOUND A BLACK PAWN at column: 0 and at row 6
FOUND A BLACK PAWN at column: 1 and at row 5
FOUND A BLACK PAWN at column: 1 and at row 7
FOUND A BLACK PAWN at column: 2 and at row 6
FOUND A BLACK PAWN at column: 3 and at row 5
FOUND A BLACK PAWN at column: 3 and at row 7
FOUND A BLACK PAWN at column: 4 and at row 6
FOUND A BLACK PAWN at column: 5 and at row 5
FOUND A BLACK PAWN at column: 5 and at row 7
FOUND A BLACK PAWN at column: 6 and at row 6
FOUND A BLACK PAWN at column: 7 and at row 5
FOUND A BLACK PAWN at column: 7 and at row 7
24
]]></system-out>
  <system-err><![CDATA[]]></system-err>
</testsuite>
